0 info it worked if it ends with ok
1 verbose cli [ '/usr/local/bin/node', '/usr/local/bin/npm', 'init' ]
2 info using npm@4.1.1
3 info using node@v6.9.4
4 verbose stack Error: EACCES: permission denied, mkdir '/.mode_modules_global'
4 verbose stack     at Error (native)
5 verbose cwd /Users/robertsenoff/bloc/bloc-jams-angular
6 error Darwin 16.3.0
7 error argv "/usr/local/bin/node" "/usr/local/bin/npm" "init"
8 error node v6.9.4
9 error npm  v4.1.1
10 error path /.mode_modules_global
11 error code EACCES
12 error errno -13
13 error syscall mkdir
14 error Error: EACCES: permission denied, mkdir '/.mode_modules_global'
14 error     at Error (native)
14 error  { Error: EACCES: permission denied, mkdir '/.mode_modules_global'
14 error     at Error (native)
14 error   errno: -13,
14 error   code: 'EACCES',
14 error   syscall: 'mkdir',
14 error   path: '/.mode_modules_global' }
15 error Please try running this command again as root/Administrator.
16 verbose exit [ -13, true ]
